[1017/162934.136:ERROR:process_info.cc(359)] UncheckedAllocate
[1017/162934.164:ERROR:filesystem_win.cc(129)] GetFileAttributes C:\Users\hoand.kgu\AppData\Local\Temp\.profile\Crashpad\attachments\9bd17ee3-efae-407a-acd1-5046d8094b13: The system cannot find the path specified. (0x3)
[1017/204426.461:ERROR:directory_reader_win.cc(43)] FindFirstFile: The system cannot find the path specified. (0x3)
[1017/210333.111:ERROR:directory_reader_win.cc(43)] FindFirstFile: The system cannot find the path specified. (0x3)
[1018/164659.537:ERROR:directory_reader_win.cc(43)] FindFirstFile: The system cannot find the path specified. (0x3)
[1018/171802.321:ERROR:process_info.cc(359)] UncheckedAllocate
[1018/171802.345:ERROR:filesystem_win.cc(129)] GetFileAttributes C:\Users\hoand.kgu\AppData\Local\Temp\.profile\Crashpad\attachments\7a0309bc-e199-4fce-86cc-b8b022d02348: The system cannot find the path specified. (0x3)
[1018/173550.174:ERROR:process_info.cc(359)] UncheckedAllocate
[1018/175026.342:ERROR:process_info.cc(359)] UncheckedAllocate
[1018/175026.356:ERROR:process_info.cc(359)] UncheckedAllocate
[1018/185625.645:ERROR:directory_reader_win.cc(43)] FindFirstFile: The system cannot find the path specified. (0x3)
[1018/194645.996:ERROR:filesystem_win.cc(129)] GetFileAttributes C:\Users\hoand.kgu\AppData\Local\Temp\.profile\Crashpad\attachments\5ebe619f-28a2-4cfd-a9aa-f785c276ebe4: The system cannot find the path specified. (0x3)
[1018/203219.457:ERROR:directory_reader_win.cc(43)] FindFirstFile: The system cannot find the path specified. (0x3)
[1018/205327.445:ERROR:process_info.cc(359)] UncheckedAllocate
[1018/205327.492:ERROR:filesystem_win.cc(129)] GetFileAttributes C:\Users\hoand.kgu\AppData\Local\Temp\.profile\Crashpad\attachments\06213532-cf87-40c4-bea9-bc75669b747b: The system cannot find the path specified. (0x3)
[1018/205403.609:ERROR:process_info.cc(359)] UncheckedAllocate
[1019/074049.534:ERROR:directory_reader_win.cc(43)] FindFirstFile: The system cannot find the path specified. (0x3)
[1019/080858.653:ERROR:directory_reader_win.cc(43)] FindFirstFile: The system cannot find the path specified. (0x3)
[1019/092159.938:ERROR:directory_reader_win.cc(43)] FindFirstFile: The system cannot find the path specified. (0x3)
[1019/095238.124:ERROR:filesystem_win.cc(129)] GetFileAttributes C:\Users\hoand.kgu\AppData\Local\Temp\.profile\Crashpad\attachments\21917370-3236-4f5c-9082-a205098e97eb: The system cannot find the path specified. (0x3)
[1019/095257.244:ERROR:process_info.cc(359)] UncheckedAllocate
[1019/095619.614:ERROR:process_info.cc(359)] UncheckedAllocate
[1019/100645.711:ERROR:process_info.cc(359)] UncheckedAllocate
[1019/103946.120:ERROR:directory_reader_win.cc(43)] FindFirstFile: The system cannot find the path specified. (0x3)
[1019/132731.600:ERROR:directory_reader_win.cc(43)] FindFirstFile: The system cannot find the path specified. (0x3)
[1019/141624.735:ERROR:directory_reader_win.cc(43)] FindFirstFile: The system cannot find the path specified. (0x3)
[1019/142240.126:ERROR:process_info.cc(359)] UncheckedAllocate
[1019/142240.156:ERROR:filesystem_win.cc(129)] GetFileAttributes C:\Users\hoand.kgu\AppData\Local\Temp\.profile\Crashpad\attachments\46ae696e-a806-4b78-936b-2bb8fb0d2495: The system cannot find the path specified. (0x3)
[1019/142240.193:ERROR:http_transport_win.cc(276)] WinHttpSendRequest: The operation completed successfully. (0x0)
[1019/142240.219:ERROR:process_info.cc(359)] UncheckedAllocate
[1019/144757.074:ERROR:process_info.cc(359)] UncheckedAllocate
[1019/145950.192:ERROR:process_info.cc(359)] UncheckedAllocate
[1019/152420.067:ERROR:process_info.cc(359)] UncheckedAllocate
[1019/152420.094:ERROR:filesystem_win.cc(129)] GetFileAttributes C:\Users\hoand.kgu\AppData\Local\Temp\.profile\Crashpad\attachments\d09f76fe-40e2-43aa-a206-dc21d76ff77c: The system cannot find the path specified. (0x3)
[1019/152527.140:ERROR:process_info.cc(359)] UncheckedAllocate
[1019/154728.440:ERROR:directory_reader_win.cc(43)] FindFirstFile: The system cannot find the path specified. (0x3)
[1019/170807.176:ERROR:process_info.cc(359)] UncheckedAllocate
[1019/170807.216:ERROR:filesystem_win.cc(129)] GetFileAttributes C:\Users\hoand.kgu\AppData\Local\Temp\.profile\Crashpad\attachments\e29f3565-f5e8-421b-9387-057b5045f870: The system cannot find the path specified. (0x3)
[1019/172727.605:ERROR:directory_reader_win.cc(43)] FindFirstFile: The system cannot find the path specified. (0x3)
[1019/204008.788:ERROR:directory_reader_win.cc(43)] FindFirstFile: The system cannot find the path specified. (0x3)
[1019/211052.304:ERROR:directory_reader_win.cc(43)] FindFirstFile: The system cannot find the path specified. (0x3)
[1019/214707.271:ERROR:process_info.cc(359)] UncheckedAllocate
[1019/214707.308:ERROR:filesystem_win.cc(129)] GetFileAttributes C:\Users\hoand.kgu\AppData\Local\Temp\.profile\Crashpad\attachments\67ffb5e9-062e-4592-893b-c361a291212a: The system cannot find the path specified. (0x3)
[1020/072129.939:ERROR:filesystem_win.cc(129)] GetFileAttributes C:\Users\hoand.kgu\AppData\Local\Temp\.profile\Crashpad\attachments\8187ca09-0f54-4414-baf6-298cb3a228c7: The system cannot find the path specified. (0x3)
[1020/073316.049:ERROR:directory_reader_win.cc(43)] FindFirstFile: The system cannot find the path specified. (0x3)
[1020/080229.856:ERROR:directory_reader_win.cc(43)] FindFirstFile: The system cannot find the path specified. (0x3)
[1020/083241.557:ERROR:directory_reader_win.cc(43)] FindFirstFile: The system cannot find the path specified. (0x3)
[1020/083544.902:ERROR:filesystem_win.cc(129)] GetFileAttributes C:\Users\hoand.kgu\AppData\Local\Temp\.profile\Crashpad\attachments\367ddf70-9cb6-4d07-8b51-a221e78dfbe9: The system cannot find the path specified. (0x3)
[1020/085536.525:ERROR:directory_reader_win.cc(43)] FindFirstFile: The system cannot find the path specified. (0x3)
[1020/093821.330:ERROR:directory_reader_win.cc(43)] FindFirstFile: The system cannot find the path specified. (0x3)
[1020/111348.148:ERROR:process_info.cc(359)] UncheckedAllocate
[1020/111348.216:ERROR:filesystem_win.cc(129)] GetFileAttributes C:\Users\hoand.kgu\AppData\Local\Temp\.profile\Crashpad\attachments\6d82f03e-5817-4418-8338-510df141465f: The system cannot find the path specified. (0x3)
[1020/123930.090:ERROR:directory_reader_win.cc(43)] FindFirstFile: The system cannot find the path specified. (0x3)
[1020/130537.528:ERROR:directory_reader_win.cc(43)] FindFirstFile: The system cannot find the path specified. (0x3)
[1020/131727.169:ERROR:filesystem_win.cc(129)] GetFileAttributes C:\Users\hoand.kgu\AppData\Local\Temp\.profile\Crashpad\attachments\0bfb638f-8d27-4019-8ead-0b077e5984a4: The system cannot find the path specified. (0x3)
[1020/131730.514:ERROR:process_info.cc(359)] UncheckedAllocate
[1020/140957.724:ERROR:directory_reader_win.cc(43)] FindFirstFile: The system cannot find the path specified. (0x3)
[1020/143655.258:ERROR:directory_reader_win.cc(43)] FindFirstFile: The system cannot find the path specified. (0x3)
[1021/110706.856:ERROR:directory_reader_win.cc(43)] FindFirstFile: The system cannot find the path specified. (0x3)
